<?xml version="1.0" encoding="UTF-8"?>
<testsuite xmlns:xsi="http://www.w3.org/2001/XMLSchema-instance" xsi:noNamespaceSchemaLocation="https://maven.apache.org/surefire/maven-surefire-plugin/xsd/surefire-test-report-3.0.xsd" version="3.0" name="| Test02 | Pass02 |" time="13.021" tests="4" errors="0" skipped="0" failures="0">
  <properties>
[...]
</properties>
  <testcase name="" classname="| Test02 | Pass02 |" time="0"/>
  <testcase name="Given Navigate to create an account screen" classname="| Test02 | Pass02 |" time="0.001"/>
  <testcase name="Then Enter firstnam as &quot;Test02&quot;" classname="| Test02 | Pass02 |" time="0"/>
  <testcase name="Then Enter Lastname as &quot;Pass02&quot;" classname="| Test02 | Pass02 |" time="0"/>
</testsuite>